build/app/outputs/mapping/release/seeds.txt
com.example.bills.MainActivity: MainActivity()
com.example.bills.MainActivity
...
io.flutter.plugin.platform.SingleViewPresentation: android.widget.FrameLayout container
com.google.android.gms.internal.measurement.zzfw: com.google.android.gms.internal.measurement.zzkk zzh
com.google.firestore.v1.DocumentChange: com.google.protobuf.Parser PARSER
com.google.firestore.v1.StructuredQuery$FieldReference: com.google.firestore.v1.StructuredQuery$FieldReference DEFAULT_INSTANCE
com.google.firestore.v1.BatchGetDocumentsRequest: com.google.protobuf.Parser PARSER
com.google.android.gms.internal.measurement.zzmx: com.google.android.gms.internal.measurement.zzmx[] values()
io.grpc.internal.MessageDeframer$State: io.grpc.internal.MessageDeframer$State[] values()
com.google.protobuf.ByteString$BoundedByteString: void readObject(java.io.ObjectInputStream)
androidx.appcompat.widget.AppCompatSpinner: void setDropDownWidth(int)
com.google.protobuf.RopeByteString
androidx.appcompat.widget.AbsActionBarView: AbsActionBarView(android.content.Context,android.util.AttributeSet)
com.google.android.gms.internal.firebase-auth-api.zzna: android.os.Parcelable$Creator CREATOR
com.facebook.share.model.ShareOpenGraphContent: android.os.Parcelable$Creator CREATOR
com.facebook.Profile: android.os.Parcelable$Creator CREATOR
com.google.firestore.v1.StructuredQuery: int END_AT_FIELD_NUMBER
android.support.v4.media.session.PlaybackStateCompat: android.os.Parcelable$Creator CREATOR
androidx.vectordrawable.graphics.drawable.VectorDrawableCompat$VPath
androidx.core.widget.NestedScrollView: int getScrollRange()
com.facebook.appevents.FlushReason: com.facebook.appevents.FlushReason valueOf(java.lang.String)
com.google.android.gms.internal.measurement.zzfw: long zzn
com.google.android.gms.internal.measurement.zzgt
com.google.android.gms.measurement.internal.AppMeasurementDynamiteService: void onActivityCreated(com.google.android.gms.dynamic.IObjectWrapper,android.os.Bundle,long)
androidx.core.widget.NestedScrollView: float getTopFadingEdgeStrength()
com.google.android.gms.internal.measurement.zzfo: java.lang.String zzf
io.flutter.embedding.engine.FlutterJNI: java.util.Set engineLifecycleListeners
io.flutter.embedding.engine.mutatorsstack.FlutterMutatorsStack
com.google.android.gms.internal.firebase-auth-api.zzfc: int zze
com.google.android.gms.internal.measurement.zzfa: com.google.android.gms.internal.measurement.zzfa zzi
io.flutter.embedding.engine.FlutterJNI: void nativeInit(android.content.Context,java.lang.String[],java.lang.String,java.lang.String,java.lang.String,long)
androidx.appcompat.widget.AppCompatImageView: void setBackgroundDrawable(android.graphics.drawable.Drawable)
com.google.android.gms.measurement.AppMeasurementJobService: AppMeasurementJobService()
io.flutter.embedding.engine.FlutterJNI: void deferredComponentInstallFailure(int,java.lang.String,boolean)
com.google.android.gms.internal.measurement.zzfu: com.google.android.gms.internal.measurement.zzfu zze
com.google.android.gms.internal.measurement.zzfw: long zzj
com.google.firestore.v1.Value: int valueTypeCase_
com.google.android.gms.internal.measurement.zzeq
androidx.appcompat.widget.ScrollingTabContainerView: void setTabSelected(int)
com.google.android.gms.internal.firebase-auth-api.zzzw: com.google.android.gms.internal.firebase-auth-api.zzaca zzc
com.google.firestore.v1.ListenRequest
com.google.firestore.v1.DocumentDelete: com.google.firestore.v1.DocumentDelete DEFAULT_INSTANCE
com.google.firestore.v1.Write: int CURRENT_DOCUMENT_FIELD_NUMBER
com.google.firebase.firestore.proto.Target: int RESUME_TOKEN_FIELD_NUMBER
com.google.firestore.v1.StructuredQuery$Filter: int filterTypeCase_
com.google.firestore.v1.StructuredQuery$CompositeFilter: com.google.protobuf.Parser PARSER
com.google.firestore.v1.StructuredQuery$CompositeFilter: int FILTERS_FIELD_NUMBER
com.google.firestore.v1.TransactionOptions$ReadWrite: com.google.protobuf.ByteString retryTransaction_
com.google.firestore.v1.ListenRequest: int targetChangeCase_
com.facebook.referrals.ReferralFragment