build/app/outputs/mapping/release/mapping.txt
# compiler: R8
# compiler_version: 2.1.62
# min_api: 18
# pg_map_id: d15fbac
# common_typos_disable
...
io.grpc.internal.ManagedChannelImpl$1CancelIdleTimer -> f.c.k1.d1$b:
    io.grpc.internal.ManagedChannelImpl this$0 -> m
io.grpc.internal.ManagedChannelImpl$1ChannelCallTracerFactory -> f.c.k1.d1$c:
    io.grpc.internal.TimeProvider val$timeProvider -> a
    io.grpc.internal.CallTracer create() -> a
io.grpc.internal.ManagedChannelImpl$1NotifyStateChanged -> f.c.k1.d1$d:
    io.grpc.ConnectivityState val$source -> n
    java.lang.Runnable val$callback -> m
    io.grpc.internal.ManagedChannelImpl this$0 -> o
io.grpc.internal.ManagedChannelImpl$1PanicSubchannelPicker -> f.c.k1.d1$e:
    io.grpc.LoadBalancer$PickResult panicPickResult -> a
    java.lang.Throwable val$t -> b
    io.grpc.LoadBalancer$PickResult pickSubchannel(io.grpc.LoadBalancer$PickSubchannelArgs) -> a
io.grpc.internal.ManagedChannelImpl$1PrepareToLoseNetworkRunnable -> f.c.k1.d1$f:
    io.grpc.internal.ManagedChannelImpl this$0 -> m
io.grpc.internal.ManagedChannelImpl$1RequestConnection -> f.c.k1.d1$g:
    io.grpc.internal.ManagedChannelImpl this$0 -> m
io.grpc.internal.ManagedChannelImpl$1ResetConnectBackoff -> f.c.k1.d1$h:
    io.grpc.internal.ManagedChannelImpl this$0 -> m
io.grpc.internal.ManagedChannelImpl$1Shutdown -> f.c.k1.d1$i:
    io.grpc.internal.ManagedChannelImpl this$0 -> m
io.grpc.internal.ManagedChannelImpl$1ShutdownNow -> f.c.k1.d1$j:
    io.grpc.internal.ManagedChannelImpl this$0 -> m
io.grpc.internal.ManagedChannelImpl$2 -> f.c.k1.d1$k:
    io.grpc.internal.ManagedChannelImpl this$0 -> m
io.grpc.internal.ManagedChannelImpl$ChannelTransportProvider -> f.c.k1.d1$l:
    io.grpc.internal.ManagedChannelImpl this$0 -> a
    io.grpc.internal.ClientStream newRetriableStream(io.grpc.MethodDescriptor,io.grpc.CallOptions,io.grpc.Metadata,io.grpc.Context) -> a
    io.grpc.internal.ClientTransport get(io.grpc.LoadBalancer$PickSubchannelArgs) -> b
io.grpc.internal.ManagedChannelImpl$ChannelTransportProvider$1ExitIdleModeForTransport -> f.c.k1.d1$l$a:
    io.grpc.internal.ManagedChannelImpl$ChannelTransportProvider this$1 -> m
io.grpc.internal.ManagedChannelImpl$ChannelTransportProvider$1RetryStream -> f.c.k1.d1$l$b:
    io.grpc.MethodDescriptor val$method -> A
    io.grpc.Context val$context -> C
    io.grpc.CallOptions val$callOptions -> B
    io.grpc.internal.ManagedChannelImpl$ChannelTransportProvider this$1 -> D
    io.grpc.internal.ClientStream newSubstream(io.grpc.ClientStreamTracer$Factory,io.grpc.Metadata) -> c0
    void postCommit() -> d0
    io.grpc.Status prestart() -> e0
io.grpc.internal.ManagedChannelImpl$DelayedNameResolverRefresh -> f.c.k1.d1$m:
    io.grpc.internal.ManagedChannelImpl this$0 -> m
io.grpc.internal.ManagedChannelImpl$DelayedTransportListener -> f.c.k1.d1$n:
    io.grpc.internal.ManagedChannelImpl this$0 -> a
    void transportTerminated() -> a
    void transportInUse(boolean) -> b
    void transportShutdown(io.grpc.Status) -> c
    void transportReady() -> d
io.grpc.internal.ManagedChannelImpl$ExecutorHolder -> f.c.k1.d1$o:
    java.util.concurrent.Executor executor -> b
    io.grpc.internal.ObjectPool pool -> a
    java.util.concurrent.Executor getExecutor() -> a
    void release() -> b
io.grpc.internal.ManagedChannelImpl$IdleModeStateAggregator -> f.c.k1.d1$p:
    io.grpc.internal.ManagedChannelImpl this$0 -> b
    void handleInUse() -> a
    void handleNotInUse() -> b
io.grpc.internal.ManagedChannelImpl$IdleModeTimer -> f.c.k1.d1$q:
    io.grpc.internal.ManagedChannelImpl this$0 -> m